$ sbt
[info] Loading global plugins from /Users/pgiarrusso/.sbt/0.13/plugins
[info] Set current project to minimal-test-case (in build file:/Users/pgiarrusso/Documents/Research/Sorgenti/minimal-test-case/)
> compile
[info] Updating {file:/Users/pgiarrusso/Documents/Research/Sorgenti/minimal-test-case/}minimal-test-case...
[info] Resolving org.fusesource.jansi#jansi;1.4 ...
[info] Done updating.
[info] Compiling 1 Scala source to /Users/pgiarrusso/Documents/Research/Sorgenti/minimal-test-case/target/scala-2.10/classes...
[success] Total time: 9 s, completed Sep 11, 2013 10:52:02 PM
> doc
[info] Main Scala API documentation to /Users/pgiarrusso/Documents/Research/Sorgenti/minimal-test-case/target/scala-2.10/api...
model contains 2 documentable templates
[info] Main Scala API documentation successful.
[success] Total time: 4 s, completed Sep 11, 2013 10:52:07 PM
> last
[debug] Running task... Cancelable: false, check cycles: false
[info] Main Scala API documentation to /Users/pgiarrusso/Documents/Research/Sorgenti/minimal-test-case/target/scala-2.10/api...
[debug] Getting compiler-interface from component compiler for Scala 2.10.2
[debug] Calling Scaladoc with arguments:
[debug] 	-d
[debug] 	/Users/pgiarrusso/Documents/Research/Sorgenti/minimal-test-case/target/scala-2.10/api
[debug] 	-bootclasspath
[debug] 	/System/Library/Java/JavaVirtualMachines/1.6.0.jdk/Contents/Classes/jsfd.jar:/System/Library/Java/JavaVirtualMachines/1.6.0.jdk/Contents/Classes/classes.jar:/System/Library/Frameworks/JavaVM.framework/Frameworks/JavaRuntimeSupport.framework/Resources/Java/JavaRuntimeSupport.jar:/System/Library/Java/JavaVirtualMachines/1.6.0.jdk/Contents/Classes/ui.jar:/System/Library/Java/JavaVirtualMachines/1.6.0.jdk/Contents/Classes/laf.jar:/System/Library/Java/JavaVirtualMachines/1.6.0.jdk/Contents/Classes/sunrsasign.jar:/System/Library/Java/JavaVirtualMachines/1.6.0.jdk/Contents/Classes/jsse.jar:/System/Library/Java/JavaVirtualMachines/1.6.0.jdk/Contents/Classes/jce.jar:/System/Library/Java/JavaVirtualMachines/1.6.0.jdk/Contents/Classes/charsets.jar:/Users/pgiarrusso/.sbt/boot/scala-2.10.2/lib/scala-library.jar
[debug] 	-classpath
[debug] 	dummy_4a52294
[debug] 	/Users/pgiarrusso/Documents/Research/Sorgenti/minimal-test-case/Main.scala
[info] Main Scala API documentation successful.
[success] Total time: 4 s, completed Sep 11, 2013 10:52:07 PM
>